SF:lib\app\core_module\types\either.dart
DA:9,0
DA:10,0
DA:13,0
DA:14,0
DA:17,0
DA:18,0
DA:21,0
DA:22,0
DA:25,0
DA:26,0
DA:39,1
DA:41,1
DA:43,2
DA:46,0
DA:48,0
DA:61,1
DA:63,1
DA:65,2
DA:68,0
DA:70,0
DA:74,2
DA:75,2
DA:77,2
DA:82,3
LF:24
LH:10
end_of_record
SF:lib\app\modules\dashboard\submodules\vendas\domain\entities\vendas_entity.dart
DA:6,0
LF:1
LH:0
end_of_record
SF:lib\app\modules\dashboard\submodules\vendas\domain\usecases\get_vendas_usecase.dart
DA:13,1
DA:15,1
DA:17,2
LF:3
LH:3
end_of_record
SF:lib\app\modules\dashboard\submodules\vendas\domain\entities\grafico_vendas.dart
DA:6,0
LF:1
LH:0
end_of_record
SF:lib\app\modules\dashboard\submodules\vendas\domain\entities\projecao_vendas.dart
DA:7,0
LF:1
LH:0
end_of_record
SF:lib\app\modules\dashboard\submodules\vendas\domain\exceptions\vendas_exception.dart
DA:5,3
DA:12,3
DA:15,1
LF:3
LH:3
end_of_record
SF:lib\app\core_module\services\client_http\client_http_interface.dart
DA:24,0
DA:33,0
DA:47,0
DA:50,0
DA:52,0
LF:5
LH:0
end_of_record
SF:lib\app\modules\dashboard\submodules\vendas\external\datasources\vendas_datasource.dart
DA:14,1
DA:16,1
DA:18,2
DA:20,1
DA:21,2
DA:23,0
DA:27,0
DA:29,0
DA:32,0
DA:34,0
DA:36,0
DA:37,0
DA:39,0
DA:44,0
DA:47,0
DA:49,0
DA:51,0
DA:52,0
DA:54,0
DA:58,0
LF:20
LH:5
end_of_record
SF:lib\app\core_module\constants\constants.dart
DA:5,0
LF:1
LH:0
end_of_record
SF:lib\app\core_module\services\shared_preferences\adapters\shared_params.dart
DA:5,0
LF:1
LH:0
end_of_record
SF:lib\app\utils\constants.dart
DA:15,0
DA:16,0
LF:2
LH:0
end_of_record
SF:lib\app\modules\dashboard\submodules\vendas\infra\repositories\vendas_repository.dart
DA:17,1
DA:20,1
DA:23,2
DA:25,1
DA:27,4
DA:29,0
DA:30,1
DA:31,0
DA:32,1
DA:33,0
DA:35,3
DA:39,0
DA:43,0
DA:45,0
DA:47,0
DA:49,0
DA:50,0
DA:51,0
DA:52,0
DA:53,0
DA:55,0
DA:59,0
DA:62,0
DA:64,0
DA:66,0
DA:68,0
DA:69,0
DA:70,0
DA:71,0
DA:72,0
DA:74,0
LF:31
LH:8
end_of_record
SF:lib\app\modules\dashboard\submodules\vendas\infra\adapters\projecao_adapter.dart
DA:4,0
DA:5,0
DA:6,0
DA:7,0
DA:8,0
DA:9,0
LF:6
LH:0
end_of_record
SF:lib\app\modules\dashboard\submodules\vendas\infra\adapters\vendas_adapter.dart
DA:4,1
DA:5,0
DA:6,1
DA:7,0
DA:8,0
LF:5
LH:2
end_of_record
SF:lib\app\modules\dashboard\submodules\vendas\infra\adapters\vendas_grafico_adapter.dart
DA:4,0
DA:5,0
DA:6,0
DA:7,0
DA:8,0
LF:5
LH:0
end_of_record
